Determining if the pthread_create exist failed with the following output:
Change Dir: /home/vip/Optimization-of-Median-Filter/thread/CMakeFiles/CMakeTmp

Run Build Command:"/usr/bin/make" "cmTC_2c585/fast"
/usr/bin/make -f CMakeFiles/cmTC_2c585.dir/build.make CMakeFiles/cmTC_2c585.dir/build
make[1]: Entering directory '/home/vip/Optimization-of-Median-Filter/thread/CMakeFiles/CMakeTmp'
Building C object CMakeFiles/cmTC_2c585.dir/CheckSymbolExists.c.o
/usr/bin/cc    -o CMakeFiles/cmTC_2c585.dir/CheckSymbolExists.c.o   -c /home/vip/Optimization-of-Median-Filter/thread/CMakeFiles/CMakeTmp/CheckSymbolExists.c
Linking C executable cmTC_2c585
/usr/bin/cmake -E cmake_link_script CMakeFiles/cmTC_2c585.dir/link.txt --verbose=1
/usr/bin/cc      -rdynamic CMakeFiles/cmTC_2c585.dir/CheckSymbolExists.c.o  -o cmTC_2c585 
CMakeFiles/cmTC_2c585.dir/CheckSymbolExists.c.o: In function `main':
CheckSymbolExists.c:(.text+0x1b): undefined reference to `pthread_create'
collect2: error: ld returned 1 exit status
CMakeFiles/cmTC_2c585.dir/build.make:97: recipe for target 'cmTC_2c585' failed
make[1]: *** [cmTC_2c585] Error 1
make[1]: Leaving directory '/home/vip/Optimization-of-Median-Filter/thread/CMakeFiles/CMakeTmp'
Makefile:126: recipe for target 'cmTC_2c585/fast' failed
make: *** [cmTC_2c585/fast] Error 2

File /home/vip/Optimization-of-Median-Filter/thread/CMakeFiles/CMakeTmp/CheckSymbolExists.c:
/* */
#include <pthread.h>

int main(int argc, char** argv)
{
  (void)argv;
#ifndef pthread_create
  return ((int*)(&pthread_create))[argc];
#else
  (void)argc;
  return 0;
#endif
}

Determining if the function pthread_create exists in the pthreads failed with the following output:
Change Dir: /home/vip/Optimization-of-Median-Filter/thread/CMakeFiles/CMakeTmp

Run Build Command:"/usr/bin/make" "cmTC_31c1a/fast"
/usr/bin/make -f CMakeFiles/cmTC_31c1a.dir/build.make CMakeFiles/cmTC_31c1a.dir/build
make[1]: Entering directory '/home/vip/Optimization-of-Median-Filter/thread/CMakeFiles/CMakeTmp'
Building C object CMakeFiles/cmTC_31c1a.dir/CheckFunctionExists.c.o
/usr/bin/cc   -DCHECK_FUNCTION_EXISTS=pthread_create   -o CMakeFiles/cmTC_31c1a.dir/CheckFunctionExists.c.o   -c /usr/share/cmake-3.10/Modules/CheckFunctionExists.c
Linking C executable cmTC_31c1a
/usr/bin/cmake -E cmake_link_script CMakeFiles/cmTC_31c1a.dir/link.txt --verbose=1
/usr/bin/cc  -DCHECK_FUNCTION_EXISTS=pthread_create    -rdynamic CMakeFiles/cmTC_31c1a.dir/CheckFunctionExists.c.o  -o cmTC_31c1a -lpthreads 
/usr/bin/ld: cannot find -lpthreads
collect2: error: ld returned 1 exit status
CMakeFiles/cmTC_31c1a.dir/build.make:97: recipe for target 'cmTC_31c1a' failed
make[1]: *** [cmTC_31c1a] Error 1
make[1]: Leaving directory '/home/vip/Optimization-of-Median-Filter/thread/CMakeFiles/CMakeTmp'
Makefile:126: recipe for target 'cmTC_31c1a/fast' failed
make: *** [cmTC_31c1a/fast] Error 2


Determining if the pthread_create exist failed with the following output:
Change Dir: /home/vip/Optimization-of-Median-Filter/thread/CMakeFiles/CMakeTmp

Run Build Command:"/usr/bin/make" "cmTC_7bfa0/fast"
/usr/bin/make -f CMakeFiles/cmTC_7bfa0.dir/build.make CMakeFiles/cmTC_7bfa0.dir/build
make[1]: Entering directory '/home/vip/Optimization-of-Median-Filter/thread/CMakeFiles/CMakeTmp'
Building C object CMakeFiles/cmTC_7bfa0.dir/CheckSymbolExists.c.o
/usr/bin/cc    -o CMakeFiles/cmTC_7bfa0.dir/CheckSymbolExists.c.o   -c /home/vip/Optimization-of-Median-Filter/thread/CMakeFiles/CMakeTmp/CheckSymbolExists.c
Linking C executable cmTC_7bfa0
/usr/bin/cmake -E cmake_link_script CMakeFiles/cmTC_7bfa0.dir/link.txt --verbose=1
/usr/bin/cc      -rdynamic CMakeFiles/cmTC_7bfa0.dir/CheckSymbolExists.c.o  -o cmTC_7bfa0 
CMakeFiles/cmTC_7bfa0.dir/CheckSymbolExists.c.o: In function `main':
CheckSymbolExists.c:(.text+0x1b): undefined reference to `pthread_create'
collect2: error: ld returned 1 exit status
CMakeFiles/cmTC_7bfa0.dir/build.make:97: recipe for target 'cmTC_7bfa0' failed
make[1]: *** [cmTC_7bfa0] Error 1
make[1]: Leaving directory '/home/vip/Optimization-of-Median-Filter/thread/CMakeFiles/CMakeTmp'
Makefile:126: recipe for target 'cmTC_7bfa0/fast' failed
make: *** [cmTC_7bfa0/fast] Error 2

File /home/vip/Optimization-of-Median-Filter/thread/CMakeFiles/CMakeTmp/CheckSymbolExists.c:
/* */
#include <pthread.h>

int main(int argc, char** argv)
{
  (void)argv;
#ifndef pthread_create
  return ((int*)(&pthread_create))[argc];
#else
  (void)argc;
  return 0;
#endif
}

Determining if the function pthread_create exists in the pthreads failed with the following output:
Change Dir: /home/vip/Optimization-of-Median-Filter/thread/CMakeFiles/CMakeTmp

Run Build Command:"/usr/bin/make" "cmTC_b471d/fast"
/usr/bin/make -f CMakeFiles/cmTC_b471d.dir/build.make CMakeFiles/cmTC_b471d.dir/build
make[1]: Entering directory '/home/vip/Optimization-of-Median-Filter/thread/CMakeFiles/CMakeTmp'
Building C object CMakeFiles/cmTC_b471d.dir/CheckFunctionExists.c.o
/usr/bin/cc   -DCHECK_FUNCTION_EXISTS=pthread_create   -o CMakeFiles/cmTC_b471d.dir/CheckFunctionExists.c.o   -c /usr/share/cmake-3.10/Modules/CheckFunctionExists.c
Linking C executable cmTC_b471d
/usr/bin/cmake -E cmake_link_script CMakeFiles/cmTC_b471d.dir/link.txt --verbose=1
/usr/bin/cc  -DCHECK_FUNCTION_EXISTS=pthread_create    -rdynamic CMakeFiles/cmTC_b471d.dir/CheckFunctionExists.c.o  -o cmTC_b471d -lpthreads 
/usr/bin/ld: cannot find -lpthreads
collect2: error: ld returned 1 exit status
CMakeFiles/cmTC_b471d.dir/build.make:97: recipe for target 'cmTC_b471d' failed
make[1]: *** [cmTC_b471d] Error 1
make[1]: Leaving directory '/home/vip/Optimization-of-Median-Filter/thread/CMakeFiles/CMakeTmp'
Makefile:126: recipe for target 'cmTC_b471d/fast' failed
make: *** [cmTC_b471d/fast] Error 2


Determining if the pthread_create exist failed with the following output:
Change Dir: /home/vip/Optimization-of-Median-Filter/thread/CMakeFiles/CMakeTmp

Run Build Command:"/usr/bin/make" "cmTC_0a19f/fast"
/usr/bin/make -f CMakeFiles/cmTC_0a19f.dir/build.make CMakeFiles/cmTC_0a19f.dir/build
make[1]: Entering directory '/home/vip/Optimization-of-Median-Filter/thread/CMakeFiles/CMakeTmp'
Building C object CMakeFiles/cmTC_0a19f.dir/CheckSymbolExists.c.o
/usr/bin/cc    -o CMakeFiles/cmTC_0a19f.dir/CheckSymbolExists.c.o   -c /home/vip/Optimization-of-Median-Filter/thread/CMakeFiles/CMakeTmp/CheckSymbolExists.c
Linking C executable cmTC_0a19f
/usr/bin/cmake -E cmake_link_script CMakeFiles/cmTC_0a19f.dir/link.txt --verbose=1
/usr/bin/cc      -rdynamic CMakeFiles/cmTC_0a19f.dir/CheckSymbolExists.c.o  -o cmTC_0a19f 
CMakeFiles/cmTC_0a19f.dir/CheckSymbolExists.c.o: In function `main':
CheckSymbolExists.c:(.text+0x1b): undefined reference to `pthread_create'
collect2: error: ld returned 1 exit status
CMakeFiles/cmTC_0a19f.dir/build.make:97: recipe for target 'cmTC_0a19f' failed
make[1]: *** [cmTC_0a19f] Error 1
make[1]: Leaving directory '/home/vip/Optimization-of-Median-Filter/thread/CMakeFiles/CMakeTmp'
Makefile:126: recipe for target 'cmTC_0a19f/fast' failed
make: *** [cmTC_0a19f/fast] Error 2

File /home/vip/Optimization-of-Median-Filter/thread/CMakeFiles/CMakeTmp/CheckSymbolExists.c:
/* */
#include <pthread.h>

int main(int argc, char** argv)
{
  (void)argv;
#ifndef pthread_create
  return ((int*)(&pthread_create))[argc];
#else
  (void)argc;
  return 0;
#endif
}

Determining if the function pthread_create exists in the pthreads failed with the following output:
Change Dir: /home/vip/Optimization-of-Median-Filter/thread/CMakeFiles/CMakeTmp

Run Build Command:"/usr/bin/make" "cmTC_17243/fast"
/usr/bin/make -f CMakeFiles/cmTC_17243.dir/build.make CMakeFiles/cmTC_17243.dir/build
make[1]: Entering directory '/home/vip/Optimization-of-Median-Filter/thread/CMakeFiles/CMakeTmp'
Building C object CMakeFiles/cmTC_17243.dir/CheckFunctionExists.c.o
/usr/bin/cc   -DCHECK_FUNCTION_EXISTS=pthread_create   -o CMakeFiles/cmTC_17243.dir/CheckFunctionExists.c.o   -c /usr/share/cmake-3.10/Modules/CheckFunctionExists.c
Linking C executable cmTC_17243
/usr/bin/cmake -E cmake_link_script CMakeFiles/cmTC_17243.dir/link.txt --verbose=1
/usr/bin/cc  -DCHECK_FUNCTION_EXISTS=pthread_create    -rdynamic CMakeFiles/cmTC_17243.dir/CheckFunctionExists.c.o  -o cmTC_17243 -lpthreads 
/usr/bin/ld: cannot find -lpthreads
collect2: error: ld returned 1 exit status
CMakeFiles/cmTC_17243.dir/build.make:97: recipe for target 'cmTC_17243' failed
make[1]: *** [cmTC_17243] Error 1
make[1]: Leaving directory '/home/vip/Optimization-of-Median-Filter/thread/CMakeFiles/CMakeTmp'
Makefile:126: recipe for target 'cmTC_17243/fast' failed
make: *** [cmTC_17243/fast] Error 2


